Flutter crash report; please file at https://github.com/flutter/flutter/issues.

## command

flutter run -d emulator-5554

## exception

ProcessException: ProcessException: Process "C:\Users\sabou\AppData\Local\Android\sdk\platform-tools\adb" exited abnormally:
cmd: Can't find service: package
  Command: C:\Users\sabou\AppData\Local\Android\sdk\platform-tools\adb -s emulator-5554 uninstall com.example.ngen

```
#0      runCheckedAsync (package:flutter_tools/src/base/process.dart:251:5)
<asynchronous suspension>
#1      AndroidDevice.uninstallApp (package:flutter_tools/src/android/android_device.dart:310:40)
<asynchronous suspension>
#2      AndroidDevice._installLatestApp (package:flutter_tools/src/android/android_device.dart:334:20)
<asynchronous suspension>
#3      AndroidDevice.startApp (package:flutter_tools/src/android/android_device.dart:392:16)
<asynchronous suspension>
#4      FlutterDevice.runHot (package:flutter_tools/src/resident_runner.dart:289:54)
<asynchronous suspension>
#5      HotRunner.run (package:flutter_tools/src/run_hot.dart:272:39)
<asynchronous suspension>
#6      RunCommand.runCommand (package:flutter_tools/src/commands/run.dart:398:37)
<asynchronous suspension>
#7      FlutterCommand.verifyThenRunCommand (package:flutter_tools/src/runner/flutter_command.dart:401:18)
#8      _asyncThenWrapperHelper.<anonymous closure> (dart:async/runtime/libasync_patch.dart:77:64)
#9      _rootRunUnary (dart:async/zone.dart:1132:38)
#10     _CustomZone.runUnary (dart:async/zone.dart:1029:19)
#11     _FutureListener.handleValue (dart:async/future_impl.dart:129:18)
#12     Future._propagateToListeners.handleValueCallback (dart:async/future_impl.dart:642:45)
#13     Future._propagateToListeners (dart:async/future_impl.dart:671:32)
#14     Future._complete (dart:async/future_impl.dart:476:7)
#15     _SyncCompleter.complete (dart:async/future_impl.dart:51:12)
#16     _AsyncAwaitCompleter.complete (dart:async/runtime/libasync_patch.dart:28:18)
#17     _completeOnAsyncReturn (dart:async/runtime/libasync_patch.dart:295:13)
#18     RunCommand.usageValues (package:flutter_tools/src/commands/run.dart)
#19     _asyncThenWrapperHelper.<anonymous closure> (dart:async/runtime/libasync_patch.dart:77:64)
#20     _rootRunUnary (dart:async/zone.dart:1132:38)
#21     _CustomZone.runUnary (dart:async/zone.dart:1029:19)
#22     _FutureListener.handleValue (dart:async/future_impl.dart:129:18)
#23     Future._propagateToListeners.handleValueCallback (dart:async/future_impl.dart:642:45)
#24     Future._propagateToListeners (dart:async/future_impl.dart:671:32)
#25     Future._complete (dart:async/future_impl.dart:476:7)
#26     _SyncCompleter.complete (dart:async/future_impl.dart:51:12)
#27     _AsyncAwaitCompleter.complete.<anonymous closure> (dart:async/runtime/libasync_patch.dart:33:20)
#28     _rootRun (dart:async/zone.dart:1124:13)
#29     _CustomZone.run (dart:async/zone.dart:1021:19)
#30     _CustomZone.bindCallback.<anonymous closure> (dart:async/zone.dart:947:23)
#31     _microtaskLoop (dart:async/schedule_microtask.dart:41:21)
#32     _startMicrotaskLoop (dart:async/schedule_microtask.dart:50:5)
#33     _runPendingImmediateCallback (dart:isolate/runtime/libisolate_patch.dart:115:13)
#34     _RawReceivePortImpl._handleMessage (dart:isolate/runtime/libisolate_patch.dart:172:5)
```

## flutter doctor

```
[32m[✓][39m Flutter (Channel beta, v1.0.0, on Microsoft Windows
    [Version 10.0.17134.407], locale en-US)
    [32m•[39m Flutter version 1.0.0 at C:\src\flutter
    [32m•[39m Framework revision 5391447fae (5 weeks ago), 2018-11-29
      19:41:26 -0800
    [32m•[39m Engine revision 7375a0f414
    [32m•[39m Dart version 2.1.0 (build 2.1.0-dev.9.4 f9ebf21297)

[32m[✓][39m Android toolchain - develop for Android devices (Android
    SDK 28.0.3)
    [32m•[39m Android SDK at C:\Users\sabou\AppData\Local\Android\sdk
    [32m•[39m Android NDK location not configured (optional; useful
      for native profiling support)
    [32m•[39m Platform android-28, build-tools 28.0.3
    [32m•[39m Java binary at: C:\Program Files\Android\Android
      Studio\jre\bin\java
    [32m•[39m Java version OpenJDK Runtime Environment (build
      1.8.0_152-release-1136-b06)
    [32m•[39m All Android licenses accepted.

[32m[✓][39m Android Studio (version 3.2)
    [32m•[39m Android Studio at C:\Program Files\Android\Android
      Studio
    [32m•[39m Flutter plugin version 31.1.1
    [32m•[39m Dart plugin version 181.5656
    [32m•[39m Java version OpenJDK Runtime Environment (build
      1.8.0_152-release-1136-b06)

[32m[✓][39m VS Code (version 1.30.1)
    [32m•[39m VS Code at
      C:\Users\sabou\AppData\Local\Programs\Microsoft VS Code
    [32m•[39m Flutter extension version 2.21.1

[32m[✓][39m Connected device (2 available)
    [32m•[39m Android SDK built for x86 • emulator-5554 • android-x86
      • Android 8.1.0 (API 27) (emulator)
    [32m•[39m Android SDK built for x86 • emulator-5556 • android-x86
      • Android 9 (API 28) (emulator)

[32m•[39m No issues found!
```
